VacationHomeApp_Android/app/build/intermediates/manifest_merge_blame_file/debug/manifest-merger-blame-debug-report.txt
1<?xml version="1.0" encoding="utf-8"?>
2<!--
3    Developed by Sana Pervaiz
4    Matriculation Number: 28933
5
6    App Name: Vacanza
7
8    Description: This is the manifest file for the Vacanza Android app.
9    It defines essential information about the app, including its package name, required permissions,
10    app-wide settings, and all declared activities such as home, login, signup, and listing details.
11-->
12<manifest xmlns:android="http://schemas.android.com/apk/res/android"
13    package="com.vacationhome.app"
14    android:versionCode="1"
15    android:versionName="1.0" >
16
17    <uses-sdk
18        android:minSdkVersion="24"
19        android:targetSdkVersion="34" />
20
21    <!-- Permission to access the Internet (required for backend communication) -->
22    <uses-permission android:name="android.permission.INTERNET" />
22-->src\main\AndroidManifest.xml:16:5-67
22-->src\main\AndroidManifest.xml:16:22-64
23
24    <permission
24-->[androidx.core:core:1.10.1] AndroidManifest.xml:22:5-24:47
25        android:name="com.vacationhome.app.DYNAMIC_RECEIVER_NOT_EXPORTED_PERMISSION"
25-->[androidx.core:core:1.10.1] AndroidManifest.xml:23:9-81
26        android:protectionLevel="signature" />
26-->[androidx.core:core:1.10.1] AndroidManifest.xml:24:9-44
27
28    <uses-permission android:name="com.vacationhome.app.DYNAMIC_RECEIVER_NOT_EXPORTED_PERMISSION" />
28-->[androidx.core:core:1.10.1] AndroidManifest.xml:26:5-97
28-->[androidx.core:core:1.10.1] AndroidManifest.xml:26:22-94
29
30    <application
30-->src\main\AndroidManifest.xml:18:5-52:19
31        android:allowBackup="true"
31-->src\main\AndroidManifest.xml:19:9-35
32        android:appComponentFactory="androidx.core.app.CoreComponentFactory"
32-->[androidx.core:core:1.10.1] AndroidManifest.xml:28:18-86
33        android:debuggable="true"
34        android:extractNativeLibs="false"
35        android:icon="@mipmap/ic_launcher"
35-->src\main\AndroidManifest.xml:20:9-43
36        android:label="@string/app_name"
36-->src\main\AndroidManifest.xml:21:9-41
37        android:networkSecurityConfig="@xml/network_security_config"
37-->src\main\AndroidManifest.xml:25:9-69
38        android:roundIcon="@mipmap/ic_launcher_round"
38-->src\main\AndroidManifest.xml:22:9-54
39        android:supportsRtl="true"
39-->src\main\AndroidManifest.xml:23:9-35
40        android:testOnly="true"
41        android:theme="@style/Theme.VacationHomeApp" >
41-->src\main\AndroidManifest.xml:24:9-53
42
43        <!-- Main launcher activity that starts when the app is opened -->
44        <activity
44-->src\main\AndroidManifest.xml:28:9-35:20
45            android:name="com.vacationhome.app.HomeActivity"
45-->src\main\AndroidManifest.xml:29:13-41
46            android:exported="true" >
46-->src\main\AndroidManifest.xml:30:13-36
47            <intent-filter>
47-->src\main\AndroidManifest.xml:31:13-34:29
48                <action android:name="android.intent.action.MAIN" />
48-->src\main\AndroidManifest.xml:32:17-69
48-->src\main\AndroidManifest.xml:32:25-66
49
50                <category android:name="android.intent.category.LAUNCHER" />
50-->src\main\AndroidManifest.xml:33:17-77
50-->src\main\AndroidManifest.xml:33:27-74
51            </intent-filter>
52        </activity>
53
54        <!-- Activity for user login -->
55        <activity android:name="com.vacationhome.app.LoginActivity" />
55-->src\main\AndroidManifest.xml:38:9-51
55-->src\main\AndroidManifest.xml:38:19-48
56
57        <!-- Activity showing information about the application -->
58        <activity android:name="com.vacationhome.app.AboutUsActivity" />
58-->src\main\AndroidManifest.xml:41:9-53
58-->src\main\AndroidManifest.xml:41:19-50
59
60        <!-- Activity for contacting the development/support team -->
61        <activity android:name="com.vacationhome.app.ContactUsActivity" />
61-->src\main\AndroidManifest.xml:44:9-55
61-->src\main\AndroidManifest.xml:44:19-52
62
63        <!-- Activity for new user registration -->
64        <activity android:name="com.vacationhome.app.SignUpActivity" />
64-->src\main\AndroidManifest.xml:47:9-52
64-->src\main\AndroidManifest.xml:47:19-49
65
66        <!-- Activity showing detailed listing information -->
67        <activity android:name="com.vacationhome.app.ListingDetailsActivity" />
67-->src\main\AndroidManifest.xml:50:9-60
67-->src\main\AndroidManifest.xml:50:19-57
68
69        <provider
69-->[androidx.emoji2:emoji2:1.2.0] AndroidManifest.xml:24:9-32:20
70            android:name="androidx.startup.InitializationProvider"
70-->[androidx.emoji2:emoji2:1.2.0] AndroidManifest.xml:25:13-67
71            android:authorities="com.vacationhome.app.androidx-startup"
71-->[androidx.emoji2:emoji2:1.2.0] AndroidManifest.xml:26:13-68
72            android:exported="false" >
72-->[androidx.emoji2:emoji2:1.2.0] AndroidManifest.xml:27:13-37
73            <meta-data
73-->[androidx.emoji2:emoji2:1.2.0] AndroidManifest.xml:29:13-31:52
74                android:name="androidx.emoji2.text.EmojiCompatInitializer"
74-->[androidx.emoji2:emoji2:1.2.0] AndroidManifest.xml:30:17-75
75                android:value="androidx.startup" />
75-->[androidx.emoji2:emoji2:1.2.0] AndroidManifest.xml:31:17-49
76            <meta-data
76-->[androidx.lifecycle:lifecycle-process:2.6.2] AndroidManifest.xml:29:13-31:52
77                android:name="androidx.lifecycle.ProcessLifecycleInitializer"
77-->[androidx.lifecycle:lifecycle-process:2.6.2] AndroidManifest.xml:30:17-78
78                android:value="androidx.startup" />
78-->[androidx.lifecycle:lifecycle-process:2.6.2] AndroidManifest.xml:31:17-49
79            <meta-data
79-->[androidx.profileinstaller:profileinstaller:1.3.0] AndroidManifest.xml:29:13-31:52
80                android:name="androidx.profileinstaller.ProfileInstallerInitializer"
80-->[androidx.profileinstaller:profileinstaller:1.3.0] AndroidManifest.xml:30:17-85
81                android:value="androidx.startup" />
81-->[androidx.profileinstaller:profileinstaller:1.3.0] AndroidManifest.xml:31:17-49
82        </provider>
83
84        <receiver
84-->[androidx.profileinstaller:profileinstaller:1.3.0] AndroidManifest.xml:34:9-52:20
85            android:name="androidx.profileinstaller.ProfileInstallReceiver"
85-->[androidx.profileinstaller:profileinstaller:1.3.0] AndroidManifest.xml:35:13-76
86            android:directBootAware="false"
86-->[androidx.profileinstaller:profileinstaller:1.3.0] AndroidManifest.xml:36:13-44
87            android:enabled="true"
87-->[androidx.profileinstaller:profileinstaller:1.3.0] AndroidManifest.xml:37:13-35
88            android:exported="true"
88-->[androidx.profileinstaller:profileinstaller:1.3.0] AndroidManifest.xml:38:13-36
89            android:permission="android.permission.DUMP" >
89-->[androidx.profileinstaller:profileinstaller:1.3.0] AndroidManifest.xml:39:13-57
90            <intent-filter>
90-->[androidx.profileinstaller:profileinstaller:1.3.0] AndroidManifest.xml:40:13-42:29
91                <action android:name="androidx.profileinstaller.action.INSTALL_PROFILE" />
91-->[androidx.profileinstaller:profileinstaller:1.3.0] AndroidManifest.xml:41:17-91
91-->[androidx.profileinstaller:profileinstaller:1.3.0] AndroidManifest.xml:41:25-88
92            </intent-filter>
93            <intent-filter>
93-->[androidx.profileinstaller:profileinstaller:1.3.0] AndroidManifest.xml:43:13-45:29
94                <action android:name="androidx.profileinstaller.action.SKIP_FILE" />
94-->[androidx.profileinstaller:profileinstaller:1.3.0] AndroidManifest.xml:44:17-85
94-->[androidx.profileinstaller:profileinstaller:1.3.0] AndroidManifest.xml:44:25-82
95            </intent-filter>
96            <intent-filter>
96-->[androidx.profileinstaller:profileinstaller:1.3.0] AndroidManifest.xml:46:13-48:29
97                <action android:name="androidx.profileinstaller.action.SAVE_PROFILE" />
97-->[androidx.profileinstaller:profileinstaller:1.3.0] AndroidManifest.xml:47:17-88
97-->[androidx.profileinstaller:profileinstaller:1.3.0] AndroidManifest.xml:47:25-85
98            </intent-filter>
99            <intent-filter>
99-->[androidx.profileinstaller:profileinstaller:1.3.0] AndroidManifest.xml:49:13-51:29
100                <action android:name="androidx.profileinstaller.action.BENCHMARK_OPERATION" />
100-->[androidx.profileinstaller:profileinstaller:1.3.0] AndroidManifest.xml:50:17-95
100-->[androidx.profileinstaller:profileinstaller:1.3.0] AndroidManifest.xml:50:25-92
101            </intent-filter>
102        </receiver>
103    </application>
104
105</manifest>